<?xml version="1.0" encoding="UTF-8"?>
<!-- Generated by org.testng.reporters.JUnitReportReporter -->
<testsuite skipped="0" hostname="OT" name="com.project2.TestRegistration" tests="2" failures="0" timestamp="2022-07-04T18:53:46 EDT" time="0.769" errors="0">
  <testcase name="testUserDaoInsertPositive" time="0.050" classname="com.project2.TestRegistration"/>
  <system-out/>
  <testcase name="testUserDaoInsertNegative" time="0.719" classname="com.project2.TestRegistration"/>
  <system-out/>
</testsuite> <!-- com.project2.TestRegistration -->
